<?xml version="1.0" encoding="UTF-8"?>
<!-- Generated by org.testng.reporters.JUnitReportReporter -->
<testsuite hostname="Mercias-MacBook-Pro.local" failures="0" tests="1" name="com.sdetadda.allure.Testcase2" time="0.044" errors="0" timestamp="2023-10-25T19:40:40 WIB" skipped="0">
  <testcase classname="com.sdetadda.allure.Testcase2" name="testMethod1" time="0.044"/>
</testsuite> <!-- com.sdetadda.allure.Testcase2 -->
